#
# There is insufficient memory for the Java Runtime Environment to continue.
# Native memory allocation (mmap) failed to map 1048576 bytes for G1 virtual space
# Possible reasons:
#   The system is out of physical RAM or swap space
#   The process is running with CompressedOops enabled, and the Java Heap may be blocking the growth of the native heap
# Possible solutions:
#   Reduce memory load on the system
#   Increase physical memory or swap space
#   Check if swap backing store is full
#   Decrease Java heap size (-Xmx/-Xms)
#   Decrease number of Java threads
#   Decrease Java thread stack sizes (-Xss)
#   Set larger code cache with -XX:ReservedCodeCacheSize=
#   JVM is running with Zero Based Compressed Oops mode in which the Java heap is
#     placed in the first 32GB address space. The Java Heap base address is the
#     maximum limit for the native heap growth. Please use -XX:HeapBaseMinAddress
#     to set the Java Heap base and to place the Java Heap above 32GB virtual address.
# This output file may be truncated or incomplete.
#
#  Out of Memory Error (./open/src/hotspot/os/windows/os_windows.cpp:3472), pid=31308, tid=31380
#
# JRE version:  (15.0.1+9) (build )
# Java VM: OpenJDK 64-Bit Server VM (15.0.1+9-18, mixed mode, sharing, tiered, compressed oops, g1 gc, windows-amd64)
# No core dump will be written. Minidumps are not enabled by default on client versions of Windows
#

---------------  S U M M A R Y ------------

Command Line: -Dfile.encoding=Cp1252 -XX:+ShowCodeDetailsInExceptionMessages Ventana

Host: Intel(R) Core(TM) i7-9700 CPU @ 3.00GHz, 8 cores, 31G,  Windows 10 , 64 bit Build 19041 (10.0.19041.3155)
Time: Mon Oct  9 15:33:16 2023 Hora est. Pacífico, Sudamérica elapsed time: 0.433610 seconds (0d 0h 0m 0s)

---------------  T H R E A D  ---------------

Current thread (0x00000201f98ae650):  JavaThread "Unknown thread" [_thread_in_vm, id=31380, stack(0x000000ce74600000,0x000000ce74700000)]

Stack: [0x000000ce74600000,0x000000ce74700000]
Native frames: (J=compiled Java code, j=interpreted, Vv=VM code, C=native code)
V  [jvm.dll+0x62ae9a]
V  [jvm.dll+0x781389]
V  [jvm.dll+0x782ae3]
V  [jvm.dll+0x783143]
V  [jvm.dll+0x216265]
V  [jvm.dll+0x6281d9]
V  [jvm.dll+0x61cd15]
V  [jvm.dll+0x2d01fd]
V  [jvm.dll+0x2d0062]
V  [jvm.dll+0x2d603c]
V  [jvm.dll+0x325b66]
V  [jvm.dll+0x3251f4]
V  [jvm.dll+0x2a717a]
V  [jvm.dll+0x2a8318]
V  [jvm.dll+0x75e101]
V  [jvm.dll+0x3343e4]
V  [jvm.dll+0x73e826]
V  [jvm.dll+0x3b7777]
V  [jvm.dll+0x3b9201]
C  [jli.dll+0x52fb]
C  [ucrtbase.dll+0x21bb2]
C  [KERNEL32.DLL+0x17614]
C  [ntdll.dll+0x526b1]


---------------  P R O C E S S  ---------------

Threads class SMR info:
_java_thread_list=0x00007ffff7844ff0, length=0, elements={
}

Java Threads: ( => current thread )

Other Threads:
  0x00000201fbab9690 GCTaskThread "GC Thread#0" [stack: 0x000000ce74700000,0x000000ce74800000] [id=31368]
  0x00000201fbacc490 ConcurrentGCThread "G1 Main Marker" [stack: 0x000000ce74800000,0x000000ce74900000] [id=31388]
  0x00000201fbacda00 ConcurrentGCThread "G1 Conc#0" [stack: 0x000000ce74900000,0x000000ce74a00000] [id=31392]

[error occurred during error reporting (printing all threads), id 0xc0000005, EXCEPTION_ACCESS_VIOLATION (0xc0000005) at pc=0x00007ffff7038047]

VM state: not at safepoint (not fully initialized)

VM Mutex/Monitor currently owned by a thread:  ([mutex/lock_event])
[0x00000201fba45680] Heap_lock - owner thread: 0x00000201f98ae650

Heap address: 0x0000000603000000, size: 8144 MB, Compressed Oops mode: Zero based, Oop shift amount: 3
CDS archive(s) mapped at: [0x0000000000000000-0x0000000000000000-0x0000000000000000), size 0, SharedBaseAddress: 0x0000000800000000, ArchiveRelocationMode: 0.
Narrow klass base: 0x0000000000000000, Narrow klass shift: 0, Narrow klass range: 0x0

Heap:
 garbage-first heap   total 524288K, used 0K [0x0000000603000000, 0x0000000800000000)
  region size 4096K, 0 young (0K), 0 survivors (0K)
 Metaspace       used 0K, capacity 0K, committed 0K, reserved 0K
  class space    used 0K, capacity 0K, committed 0K, reserved 0K

Heap Regions: E=young(eden), S=young(survivor), O=old, HS=humongous(starts), HC=humongous(continues), CS=collection set, F=free, OA=open archive, CA=closed archive, TAMS=top-at-mark-start (previous, next)

Card table byte_map: [0x000002018fff0000,0x0000020190fe0000] _byte_map_base: 0x000002018cfd8000

Marking Bits (Prev, Next): (CMBitMap*) 0x00000201fbab9c90, (CMBitMap*) 0x00000201fbab9cd0
 Prev Bits: [0x0000020191fd0000, 0x0000020199f10000)
 Next Bits: [0x0000020199f10000, 0x00000201a1e50000)

GC Heap History (0 events):
No events

Deoptimization events (0 events):
No events

Classes unloaded (0 events):
No events

Classes redefined (0 events):
No events

Internal exceptions (0 events):
No events

Events (1 events):
Event: 0.022 Loaded shared library C:\Users\SENA\.p2\pool\plugins\org.eclipse.justj.openjdk.hotspot.jre.full.win32.x86_64_15.0.1.v20201027-0507\jre\bin\java.dll


Dynamic libraries:
0x00007ff7c46a0000 - 0x00007ff7c46ad000 	C:\Users\SENA\.p2\pool\plugins\org.eclipse.justj.openjdk.hotspot.jre.full.win32.x86_64_15.0.1.v20201027-0507\jre\bin\javaw.exe
0x00007ff869910000 - 0x00007ff869b08000 	C:\WINDOWS\SYSTEM32\ntdll.dll
0x00007ff868220000 - 0x00007ff8682df000 	C:\WINDOWS\System32\KERNEL32.DLL
0x00007ff867320000 - 0x00007ff867616000 	C:\WINDOWS\System32\KERNELBASE.dll
0x0000000056f70000 - 0x000000005700d000 	C:\ProgramData\Symantec\Symantec Endpoint Protection\14.3.9225.6000.105\Data\Sysfer\x64\sysfer.dll
0x00007ff867690000 - 0x00007ff867790000 	C:\WINDOWS\System32\ucrtbase.dll
0x00007ff854b70000 - 0x00007ff854b88000 	C:\Users\SENA\.p2\pool\plugins\org.eclipse.justj.openjdk.hotspot.jre.full.win32.x86_64_15.0.1.v20201027-0507\jre\bin\jli.dll
0x00007ff84fb00000 - 0x00007ff84fb19000 	C:\Users\SENA\.p2\pool\plugins\org.eclipse.justj.openjdk.hotspot.jre.full.win32.x86_64_15.0.1.v20201027-0507\jre\bin\VCRUNTIME140.dll
0x00007ff868380000 - 0x00007ff86851d000 	C:\WINDOWS\System32\USER32.dll
0x00007ff8672f0000 - 0x00007ff867312000 	C:\WINDOWS\System32\win32u.dll
0x00007ff868520000 - 0x00007ff86854c000 	C:\WINDOWS\System32\GDI32.dll
0x00007ff848e00000 - 0x00007ff84909a000 	C:\WINDOWS\WinSxS\amd64_microsoft.windows.common-controls_6595b64144ccf1df_6.0.19041.1110_none_60b5254171f9507e\COMCTL32.dll
0x00007ff867070000 - 0x00007ff867185000 	C:\WINDOWS\System32\gdi32full.dll
0x00007ff867bd0000 - 0x00007ff867c6e000 	C:\WINDOWS\System32\msvcrt.dll
0x00007ff867790000 - 0x00007ff86782d000 	C:\WINDOWS\System32\msvcp_win.dll
0x00007ff8698c0000 - 0x00007ff8698c8000 	C:\WINDOWS\System32\psapi.dll
0x00007ff8694e0000 - 0x00007ff869510000 	C:\WINDOWS\System32\IMM32.DLL
0x00007ff860770000 - 0x00007ff86077c000 	C:\Users\SENA\.p2\pool\plugins\org.eclipse.justj.openjdk.hotspot.jre.full.win32.x86_64_15.0.1.v20201027-0507\jre\bin\vcruntime140_1.dll
0x00007ff81c160000 - 0x00007ff81c1f1000 	C:\Users\SENA\.p2\pool\plugins\org.eclipse.justj.openjdk.hotspot.jre.full.win32.x86_64_15.0.1.v20201027-0507\jre\bin\msvcp140.dll
0x00007ffff6d80000 - 0x00007ffff78de000 	C:\Users\SENA\.p2\pool\plugins\org.eclipse.justj.openjdk.hotspot.jre.full.win32.x86_64_15.0.1.v20201027-0507\jre\bin\server\jvm.dll
0x00007ff868550000 - 0x00007ff8685ff000 	C:\WINDOWS\System32\ADVAPI32.dll
0x00007ff8682e0000 - 0x00007ff86837c000 	C:\WINDOWS\System32\sechost.dll
0x00007ff8687c0000 - 0x00007ff8688e6000 	C:\WINDOWS\System32\RPCRT4.dll
0x00007ff84d350000 - 0x00007ff84d359000 	C:\WINDOWS\SYSTEM32\WSOCK32.dll
0x00007ff8686f0000 - 0x00007ff86875b000 	C:\WINDOWS\System32\WS2_32.dll
0x00007ff851090000 - 0x00007ff8510b7000 	C:\WINDOWS\SYSTEM32\WINMM.dll
0x00007ff860180000 - 0x00007ff86018a000 	C:\WINDOWS\SYSTEM32\VERSION.dll
0x00007ff864bc0000 - 0x00007ff864bd2000 	C:\WINDOWS\SYSTEM32\kernel.appcore.dll
0x00007ff856c30000 - 0x00007ff856c3a000 	C:\Users\SENA\.p2\pool\plugins\org.eclipse.justj.openjdk.hotspot.jre.full.win32.x86_64_15.0.1.v20201027-0507\jre\bin\jimage.dll
0x00007ff852770000 - 0x00007ff852954000 	C:\WINDOWS\SYSTEM32\DBGHELP.DLL
0x00007ff850cb0000 - 0x00007ff850ce4000 	C:\WINDOWS\SYSTEM32\dbgcore.DLL
0x00007ff867830000 - 0x00007ff8678b2000 	C:\WINDOWS\System32\bcryptPrimitives.dll
0x00007ff856480000 - 0x00007ff8564a5000 	C:\Users\SENA\.p2\pool\plugins\org.eclipse.justj.openjdk.hotspot.jre.full.win32.x86_64_15.0.1.v20201027-0507\jre\bin\java.dll

dbghelp: loaded successfully - version: 4.0.5 - missing functions: none
symbol engine: initialized successfully - sym options: 0x614 - pdb path: .;C:\Users\SENA\.p2\pool\plugins\org.eclipse.justj.openjdk.hotspot.jre.full.win32.x86_64_15.0.1.v20201027-0507\jre\bin;C:\WINDOWS\SYSTEM32;C:\ProgramData\Symantec\Symantec Endpoint Protection\14.3.9225.6000.105\Data\Sysfer\x64;C:\WINDOWS\WinSxS\amd64_microsoft.windows.common-controls_6595b64144ccf1df_6.0.19041.1110_none_60b5254171f9507e;C:\Users\SENA\.p2\pool\plugins\org.eclipse.justj.openjdk.hotspot.jre.full.win32.x86_64_15.0.1.v20201027-0507\jre\bin\server

VM Arguments:
jvm_args: -Dfile.encoding=Cp1252 -XX:+ShowCodeDetailsInExceptionMessages 
java_command: Ventana
java_class_path (initial): C:\Users\SENA\Desktop\ventanasJava\Ventana1\bin
Launcher Type: SUN_STANDARD

[Global flags]
     intx CICompilerCount                          = 4                                         {product} {ergonomic}
     uint ConcGCThreads                            = 2                                         {product} {ergonomic}
     uint G1ConcRefinementThreads                  = 8                                         {product} {ergonomic}
   size_t G1HeapRegionSize                         = 4194304                                   {product} {ergonomic}
    uintx GCDrainStackTargetSize                   = 64                                        {product} {ergonomic}
   size_t InitialHeapSize                          = 536870912                                 {product} {ergonomic}
   size_t MarkStackSize                            = 4194304                                   {product} {ergonomic}
   size_t MaxHeapSize                              = 8539602944                                {product} {ergonomic}
   size_t MinHeapDeltaBytes                        = 4194304                                   {product} {ergonomic}
   size_t MinHeapSize                              = 8388608                                   {product} {ergonomic}
    uintx NonNMethodCodeHeapSize                   = 5839372                                {pd product} {ergonomic}
    uintx NonProfiledCodeHeapSize                  = 122909434                              {pd product} {ergonomic}
    uintx ProfiledCodeHeapSize                     = 122909434                              {pd product} {ergonomic}
    uintx ReservedCodeCacheSize                    = 251658240                              {pd product} {ergonomic}
     bool SegmentedCodeCache                       = true                                      {product} {ergonomic}
     bool ShowCodeDetailsInExceptionMessages       = true                                   {manageable} {command line}
   size_t SoftMaxHeapSize                          = 8539602944                             {manageable} {ergonomic}
     bool UseCompressedClassPointers               = true                                 {lp64_product} {ergonomic}
     bool UseCompressedOops                        = true                                 {lp64_product} {ergonomic}
     bool UseG1GC                                  = true                                      {product} {ergonomic}
     bool UseLargePagesIndividualAllocation        = false                                  {pd product} {ergonomic}

Logging:
Log output configuration:
 #0: stdout all=warning uptime,level,tags
 #1: stderr all=off uptime,level,tags

Environment Variables:
PATH=C:/Users/SENA/.p2/pool/plugins/org.eclipse.justj.openjdk.hotspot.jre.full.win32.x86_64_15.0.1.v20201027-0507/jre/bin/server;C:/Users/SENA/.p2/pool/plugins/org.eclipse.justj.openjdk.hotspot.jre.full.win32.x86_64_15.0.1.v20201027-0507/jre/bin;C:\Program Files (x86)\Common Files\Oracle\Java\javapath;C:\ProgramData\Anaconda3;C:\ProgramData\Anaconda3\Library\mingw-w64\bin;C:\ProgramData\Anaconda3\Library\usr\bin;C:\ProgramData\Anaconda3\Library\bin;C:\ProgramData\Anaconda3\Scripts;C:\WINDOWS\system32;C:\WINDOWS;C:\WINDOWS\System32\Wbem;C:\WINDOWS\System32\WindowsPowerShell\v1.0\;C:\WINDOWS\System32\OpenSSH\;C:\Program Files\dotnet\;C:\Program Files\Microsoft SQL Server\Client SDK\ODBC\170\Tools\Binn\;C:\Program Files (x86)\dotnet\;C:\Program Files\nodejs\;C:\Users\SENA\Downloads\kotlinc\bin;C:\Program Files\Azure Data Studio\bin;C:\Program Files\Microsoft SQL Server\150\Tools\Binn\;C:\Program Files (x86)\Microsoft SQL Server\150\Tools\Binn\;C:\Program Files\Microsoft SQL Server\150\DTS\Binn\;C:\Program Files\Microsoft SQL Server\130\Tools\Binn\;C:\Program Files\Git\cmd;C:\Program Files\MySQL\MySQL Shell 8.0\bin\;C:\Users\SENA\AppData\Local\Programs\Python\Python310\Scripts\;C:\Users\SENA\AppData\Local\Programs\Python\Python310\;C:\Users\SENA\AppData\Local\Programs\Python\Python39\Scripts\;C:\Users\SENA\AppData\Local\Programs\Python\Python39\;C:\Users\SENA\AppData\Local\Microsoft\WindowsApps;C:\Users\SENA\AppData\Local\Programs\Microsoft VS Code\bin;C:\Users\SENA\.dotnet\tools;C:\Users\SENA\AppData\Roaming\npm;C:\sqlite2;C:\Program Files\JetBrains\IntelliJ IDEA Community Edition 2022.2.2\bin;;C:\Program Files\Azure Data Studio\bin;C:\Users\SENA\AppData\Local\GitHubDesktop\bin;;C:\WINDOWS\System32;
USERNAME=SENA
OS=Windows_NT
PROCESSOR_IDENTIFIER=Intel64 Family 6 Model 158 Stepping 13, GenuineIntel



---------------  S Y S T E M  ---------------

OS:
 Windows 10 , 64 bit Build 19041 (10.0.19041.3155)
OS uptime: 7 days 8:17 hours

CPU: total 8 (initial active 8) (8 cores per cpu, 1 threads per core) family 6 model 158 stepping 13 microcode 0xf0, cmov, cx8, fxsr, mmx, sse, sse2, sse3, ssse3, sse4.1, sse4.2, popcnt, vzeroupper, avx, avx2, aes, clmul, erms, 3dnowpref, lzcnt, tsc, tscinvbit, bmi1, bmi2, adx, fma, clflush, clflushopt

Memory: 4k page, system-wide physical 32565M (18336M free)
TotalPageFile size 91936M (AvailPageFile size 5M)
current process WorkingSet (physical memory assigned to process): 11M, peak: 11M
current process commit charge ("private bytes"): 590M, peak: 590M

vm_info: OpenJDK 64-Bit Server VM (15.0.1+9-18) for windows-amd64 JRE (15.0.1+9-18), built on Sep 15 2020 14:39:31 by "mach5one" with unknown MS VC++:1925

END.
